0 info it worked if it ends with ok
1 verbose cli [ '/usr/bin/nodejs',
1 verbose cli   '/usr/bin/npm',
1 verbose cli   'install',
1 verbose cli   '--save',
1 verbose cli   'elasticsearch' ]
2 info using npm@3.5.2
3 info using node@v4.2.6
4 silly loadCurrentTree Starting
5 silly install loadCurrentTree
6 silly install readLocalPackageData
7 silly fetchPackageMetaData elasticsearch@^15.1.1
8 silly fetchNamedPackageData elasticsearch
9 silly mapToRegistry name elasticsearch
10 silly mapToRegistry using default registry
11 silly mapToRegistry registry https://registry.npmjs.org/
12 silly mapToRegistry uri https://registry.npmjs.org/elasticsearch
13 verbose request uri https://registry.npmjs.org/elasticsearch
14 verbose request no auth needed
15 info attempt registry request try #1 at 3:40:05 PM
16 verbose request id fcac2cf755310004
17 verbose etag W/"571d66249fe528c2bae084ac872814c7"
18 verbose lastModified Tue, 03 Jul 2018 19:18:15 GMT
19 http request GET https://registry.npmjs.org/elasticsearch
20 http 304 https://registry.npmjs.org/elasticsearch
21 verbose headers { date: 'Wed, 01 Aug 2018 22:40:05 GMT',
21 verbose headers   connection: 'keep-alive',
21 verbose headers   'set-cookie': [ '__cfduid=d67255f629a214d7e27a769beb80e20ab1533163205; expires=Thu, 01-Aug-19 22:40:05 GMT; path=/; domain=.registry.npmjs.org; HttpOnly' ],
21 verbose headers   'cache-control': 'max-age=300',
21 verbose headers   'cf-cache-status': 'HIT',
21 verbose headers   'cf-ray': '443bcdf1480798a1-LAX',
21 verbose headers   etag: '"571d66249fe528c2bae084ac872814c7"',
21 verbose headers   'expect-ct': 'max-age=604800, report-uri="https://report-uri.cloudflare.com/cdn-cgi/beacon/expect-ct"',
21 verbose headers   'last-modified': 'Tue, 03 Jul 2018 19:18:15 GMT',
21 verbose headers   vary: 'accept-encoding, accept',
21 verbose headers   server: 'cloudflare' }
22 silly get cb [ 304,
22 silly get   { date: 'Wed, 01 Aug 2018 22:40:05 GMT',
22 silly get     connection: 'keep-alive',
22 silly get     'set-cookie': [ '__cfduid=d67255f629a214d7e27a769beb80e20ab1533163205; expires=Thu, 01-Aug-19 22:40:05 GMT; path=/; domain=.registry.npmjs.org; HttpOnly' ],
22 silly get     'cache-control': 'max-age=300',
22 silly get     'cf-cache-status': 'HIT',
22 silly get     'cf-ray': '443bcdf1480798a1-LAX',
22 silly get     etag: '"571d66249fe528c2bae084ac872814c7"',
22 silly get     'expect-ct': 'max-age=604800, report-uri="https://report-uri.cloudflare.com/cdn-cgi/beacon/expect-ct"',
22 silly get     'last-modified': 'Tue, 03 Jul 2018 19:18:15 GMT',
22 silly get     vary: 'accept-encoding, accept',
22 silly get     server: 'cloudflare' } ]
23 verbose etag https://registry.npmjs.org/elasticsearch from cache
24 verbose get saving elasticsearch to /home/gman/.npm/registry.npmjs.org/elasticsearch/.cache.json
25 silly install normalizeTree
26 silly loadCurrentTree Finishing
27 silly loadIdealTree Starting
28 silly install loadIdealTree
29 silly cloneCurrentTree Starting
30 silly install cloneCurrentTreeToIdealTree
31 silly cloneCurrentTree Finishing
32 silly loadShrinkwrap Starting
33 silly install loadShrinkwrap
34 silly loadShrinkwrap Finishing
35 silly loadAllDepsIntoIdealTree Starting
36 silly install loadAllDepsIntoIdealTree
37 silly resolveWithNewModule elasticsearch@15.1.1 checking installable status
38 silly cache add args [ 'elasticsearch@^15.1.1', null ]
39 verbose cache add spec elasticsearch@^15.1.1
40 silly cache add parsed spec Result {
40 silly cache add   raw: 'elasticsearch@^15.1.1',
40 silly cache add   scope: null,
40 silly cache add   name: 'elasticsearch',
40 silly cache add   rawSpec: '^15.1.1',
40 silly cache add   spec: '>=15.1.1 <16.0.0',
40 silly cache add   type: 'range' }
41 silly addNamed elasticsearch@>=15.1.1 <16.0.0
42 verbose addNamed ">=15.1.1 <16.0.0" is a valid semver range for elasticsearch
43 silly addNameRange { name: 'elasticsearch',
43 silly addNameRange   range: '>=15.1.1 <16.0.0',
43 silly addNameRange   hasData: false }
44 silly mapToRegistry name elasticsearch
45 silly mapToRegistry using default registry
46 silly mapToRegistry registry https://registry.npmjs.org/
47 silly mapToRegistry uri https://registry.npmjs.org/elasticsearch
48 verbose addNameRange registry:https://registry.npmjs.org/elasticsearch not in flight; fetching
49 verbose get https://registry.npmjs.org/elasticsearch not expired, no request
50 silly addNameRange number 2 { name: 'elasticsearch',
50 silly addNameRange   range: '>=15.1.1 <16.0.0',
50 silly addNameRange   hasData: true }
51 silly addNameRange versions [ 'elasticsearch',
51 silly addNameRange   [ '1.0.0',
51 silly addNameRange     '1.0.1',
51 silly addNameRange     '0.2.0',
51 silly addNameRange     '0.2.1',
51 silly addNameRange     '0.2.2',
51 silly addNameRange     '0.2.3',
51 silly addNameRange     '0.2.6',
51 silly addNameRange     '0.3.1',
51 silly addNameRange     '0.3.10',
51 silly addNameRange     '0.3.11',
51 silly addNameRange     '0.3.12',
51 silly addNameRange     '0.3.2',
51 silly addNameRange     '0.3.3',
51 silly addNameRange     '0.3.4',
51 silly addNameRange     '0.3.5',
51 silly addNameRange     '0.3.6',
51 silly addNameRange     '0.3.7',
51 silly addNameRange     '0.3.8',
51 silly addNameRange     '0.3.9',
51 silly addNameRange     '1.0.3',
51 silly addNameRange     '1.3.0',
51 silly addNameRange     '1.4.0',
51 silly addNameRange     '1.5.0',
51 silly addNameRange     '1.5.1',
51 silly addNameRange     '1.5.2',
51 silly addNameRange     '1.5.3',
51 silly addNameRange     '1.5.4',
51 silly addNameRange     '1.5.5',
51 silly addNameRange     '1.5.6',
51 silly addNameRange     '1.5.7',
51 silly addNameRange     '1.5.8',
51 silly addNameRange     '1.5.9',
51 silly addNameRange     '1.5.10',
51 silly addNameRange     '1.5.11',
51 silly addNameRange     '1.5.12',
51 silly addNameRange     '1.5.13',
51 silly addNameRange     '1.5.14',
51 silly addNameRange     '2.0.0',
51 silly addNameRange     '2.1.0',
51 silly addNameRange     '2.1.1',
51 silly addNameRange     '2.1.2',
51 silly addNameRange     '2.1.3',
51 silly addNameRange     '2.1.4',
51 silly addNameRange     '2.1.6',
51 silly addNameRange     '2.2.0',
51 silly addNameRange     '2.3.0',
51 silly addNameRange     '2.3.1',
51 silly addNameRange     '2.4.0',
51 silly addNameRange     '2.4.1',
51 silly addNameRange     '2.4.2',
51 silly addNameRange     '2.4.3',
51 silly addNameRange     '3.0.0',
51 silly addNameRange     '3.0.1',
51 silly addNameRange     '3.0.2',
51 silly addNameRange     '3.1.0',
51 silly addNameRange     '3.1.1',
51 silly addNameRange     '3.1.3',
51 silly addNameRange     '4.0.0',
51 silly addNameRange     '4.0.1',
51 silly addNameRange     '4.0.2',
51 silly addNameRange     '4.1.0',
51 silly addNameRange     '5.0.0',
51 silly addNameRange     '6.0.0',
51 silly addNameRange     '6.1.0',
51 silly addNameRange     '8.0.1',
51 silly addNameRange     '8.1.0',
51 silly addNameRange     '8.2.0',
51 silly addNameRange     '9.0.0',
51 silly addNameRange     '9.0.1',
51 silly addNameRange     '9.0.2',
51 silly addNameRange     '10.0.0',
51 silly addNameRange     '10.0.1',
51 silly addNameRange     '10.1.0',
51 silly addNameRange     '10.1.1',
51 silly addNameRange     '10.1.2',
51 silly addNameRange     '10.1.3',
51 silly addNameRange     '3.1.4',
51 silly addNameRange     '11.0.0',
51 silly addNameRange     '11.0.1',
51 silly addNameRange     '12.0.0-rc1',
51 silly addNameRange     '12.0.0-rc2',
51 silly addNameRange     '12.0.0-rc4',
51 silly addNameRange     '12.0.0-rc5',
51 silly addNameRange     '12.0.0',
51 silly addNameRange     '12.0.1',
51 silly addNameRange     '12.1.0',
51 silly addNameRange     '12.1.0-agentkeepalive',
51 silly addNameRange     '12.1.1',
51 silly addNameRange     '12.1.2',
51 silly addNameRange     '12.1.3',
51 silly addNameRange     '13.0.0-beta1',
51 silly addNameRange     '13.0.0-beta2',
51 silly addNameRange     '13.0.0-rc1',
51 silly addNameRange     '13.0.0-rc2',
51 silly addNameRange     '13.0.0',
51 silly addNameRange     '13.0.1',
51 silly addNameRange     '13.1.0',
51 silly addNameRange     '13.1.1',
51 silly addNameRange     '13.1.2',
51 silly addNameRange     '13.2.0',
51 silly addNameRange     '13.3.0',
51 silly addNameRange     '13.3.1',
51 silly addNameRange     '14.0.0',
51 silly addNameRange     '14.1.0',
51 silly addNameRange     '14.2.0',
51 silly addNameRange     '14.2.1',
51 silly addNameRange     '14.2.2',
51 silly addNameRange     '15.0.0',
51 silly addNameRange     '15.1.0',
51 silly addNameRange     '15.1.1' ] ]
52 silly addNamed elasticsearch@15.1.1
53 verbose addNamed "15.1.1" is a plain semver version for elasticsearch
54 silly cache afterAdd elasticsearch@15.1.1
55 verbose afterAdd /home/gman/.npm/elasticsearch/15.1.1/package/package.json not in flight; writing
56 verbose afterAdd /home/gman/.npm/elasticsearch/15.1.1/package/package.json written
57 silly fetchNamedPackageData agentkeepalive
58 silly mapToRegistry name agentkeepalive
59 silly mapToRegistry using default registry
60 silly mapToRegistry registry https://registry.npmjs.org/
61 silly mapToRegistry uri https://registry.npmjs.org/agentkeepalive
62 silly fetchNamedPackageData chalk
63 silly mapToRegistry name chalk
64 silly mapToRegistry using default registry
65 silly mapToRegistry registry https://registry.npmjs.org/
66 silly mapToRegistry uri https://registry.npmjs.org/chalk
67 verbose request uri https://registry.npmjs.org/agentkeepalive
68 verbose request no auth needed
69 info attempt registry request try #1 at 3:40:05 PM
70 verbose etag W/"a79e6e34b3b97d2632cd48f684a598ba"
71 verbose lastModified Tue, 31 Jul 2018 03:36:09 GMT
72 http request GET https://registry.npmjs.org/agentkeepalive
73 verbose request uri https://registry.npmjs.org/chalk
74 verbose request no auth needed
75 info attempt registry request try #1 at 3:40:05 PM
76 verbose etag W/"c70b8d38ee8dba66ff19dd073c6d71e9"
77 verbose lastModified Thu, 28 Jun 2018 03:20:08 GMT
78 http request GET https://registry.npmjs.org/chalk
79 http 304 https://registry.npmjs.org/agentkeepalive
80 verbose headers { date: 'Wed, 01 Aug 2018 22:40:05 GMT',
80 verbose headers   connection: 'keep-alive',
80 verbose headers   'set-cookie': [ '__cfduid=d4d43f8c73e16c4d26edd8bfb4b673c171533163205; expires=Thu, 01-Aug-19 22:40:05 GMT; path=/; domain=.registry.npmjs.org; HttpOnly' ],
80 verbose headers   'cache-control': 'max-age=300',
80 verbose headers   'cf-cache-status': 'HIT',
80 verbose headers   'cf-ray': '443bcdf39b76987d-LAX',
80 verbose headers   etag: '"a79e6e34b3b97d2632cd48f684a598ba"',
80 verbose headers   'expect-ct': 'max-age=604800, report-uri="https://report-uri.cloudflare.com/cdn-cgi/beacon/expect-ct"',
80 verbose headers   'last-modified': 'Tue, 31 Jul 2018 03:36:09 GMT',
80 verbose headers   vary: 'accept-encoding, accept',
80 verbose headers   server: 'cloudflare' }
81 silly get cb [ 304,
81 silly get   { date: 'Wed, 01 Aug 2018 22:40:05 GMT',
81 silly get     connection: 'keep-alive',
81 silly get     'set-cookie': [ '__cfduid=d4d43f8c73e16c4d26edd8bfb4b673c171533163205; expires=Thu, 01-Aug-19 22:40:05 GMT; path=/; domain=.registry.npmjs.org; HttpOnly' ],
81 silly get     'cache-control': 'max-age=300',
81 silly get     'cf-cache-status': 'HIT',
81 silly get     'cf-ray': '443bcdf39b76987d-LAX',
81 silly get     etag: '"a79e6e34b3b97d2632cd48f684a598ba"',
81 silly get     'expect-ct': 'max-age=604800, report-uri="https://report-uri.cloudflare.com/cdn-cgi/beacon/expect-ct"',
81 silly get     'last-modified': 'Tue, 31 Jul 2018 03:36:09 GMT',
81 silly get     vary: 'accept-encoding, accept',
81 silly get     server: 'cloudflare' } ]
82 verbose etag https://registry.npmjs.org/agentkeepalive from cache
83 verbose get saving agentkeepalive to /home/gman/.npm/registry.npmjs.org/agentkeepalive/.cache.json
84 http 304 https://registry.npmjs.org/chalk
85 verbose headers { date: 'Wed, 01 Aug 2018 22:40:05 GMT',
85 verbose headers   connection: 'keep-alive',
85 verbose headers   'set-cookie': [ '__cfduid=d09e8a03dd130c939601c1ca314e641721533163205; expires=Thu, 01-Aug-19 22:40:05 GMT; path=/; domain=.registry.npmjs.org; HttpOnly' ],
85 verbose headers   'cache-control': 'max-age=300',
85 verbose headers   'cf-cache-status': 'HIT',
85 verbose headers   'cf-ray': '443bcdf3aedb9883-LAX',
85 verbose headers   etag: '"c70b8d38ee8dba66ff19dd073c6d71e9"',
85 verbose headers   'expect-ct': 'max-age=604800, report-uri="https://report-uri.cloudflare.com/cdn-cgi/beacon/expect-ct"',
85 verbose headers   'last-modified': 'Thu, 28 Jun 2018 03:20:08 GMT',
85 verbose headers   vary: 'accept-encoding, accept',
85 verbose headers   server: 'cloudflare' }
86 silly get cb [ 304,
86 silly get   { date: 'Wed, 01 Aug 2018 22:40:05 GMT',
86 silly get     connection: 'keep-alive',
86 silly get     'set-cookie': [ '__cfduid=d09e8a03dd130c939601c1ca314e641721533163205; expires=Thu, 01-Aug-19 22:40:05 GMT; path=/; domain=.registry.npmjs.org; HttpOnly' ],
86 silly get     'cache-control': 'max-age=300',
86 silly get     'cf-cache-status': 'HIT',
86 silly get     'cf-ray': '443bcdf3aedb9883-LAX',
86 silly get     etag: '"c70b8d38ee8dba66ff19dd073c6d71e9"',
86 silly get     'expect-ct': 'max-age=604800, report-uri="https://report-uri.cloudflare.com/cdn-cgi/beacon/expect-ct"',
86 silly get     'last-modified': 'Thu, 28 Jun 2018 03:20:08 GMT',
86 silly get     vary: 'accept-encoding, accept',
86 silly get     server: 'cloudflare' } ]
87 verbose etag https://registry.npmjs.org/chalk from cache
88 verbose get saving chalk to /home/gman/.npm/registry.npmjs.org/chalk/.cache.json
89 silly resolveWithNewModule agentkeepalive@3.5.1 checking installable status
90 silly cache add args [ 'agentkeepalive@^3.4.1', null ]
91 verbose cache add spec agentkeepalive@^3.4.1
92 silly cache add parsed spec Result {
92 silly cache add   raw: 'agentkeepalive@^3.4.1',
92 silly cache add   scope: null,
92 silly cache add   name: 'agentkeepalive',
92 silly cache add   rawSpec: '^3.4.1',
92 silly cache add   spec: '>=3.4.1 <4.0.0',
92 silly cache add   type: 'range' }
93 silly addNamed agentkeepalive@>=3.4.1 <4.0.0
94 verbose addNamed ">=3.4.1 <4.0.0" is a valid semver range for agentkeepalive
95 silly addNameRange { name: 'agentkeepalive',
95 silly addNameRange   range: '>=3.4.1 <4.0.0',
95 silly addNameRange   hasData: false }
96 silly mapToRegistry name agentkeepalive
97 silly mapToRegistry using default registry
98 silly mapToRegistry registry https://registry.npmjs.org/
99 silly mapToRegistry uri https://registry.npmjs.org/agentkeepalive
100 verbose addNameRange registry:https://registry.npmjs.org/agentkeepalive not in flight; fetching
101 verbose get https://registry.npmjs.org/agentkeepalive not expired, no request
102 silly addNameRange number 2 { name: 'agentkeepalive',
102 silly addNameRange   range: '>=3.4.1 <4.0.0',
102 silly addNameRange   hasData: true }
103 silly addNameRange versions [ 'agentkeepalive',
103 silly addNameRange   [ '0.0.1',
103 silly addNameRange     '0.0.3',
103 silly addNameRange     '0.1.0',
103 silly addNameRange     '0.1.1',
103 silly addNameRange     '0.1.2',
103 silly addNameRange     '0.1.3',
103 silly addNameRange     '0.1.4',
103 silly addNameRange     '0.1.5',
103 silly addNameRange     '0.2.0',
103 silly addNameRange     '0.2.1',
103 silly addNameRange     '0.2.2',
103 silly addNameRange     '1.0.0',
103 silly addNameRange     '1.1.0',
103 silly addNameRange     '1.2.0',
103 silly addNameRange     '0.2.3',
103 silly addNameRange     '0.2.4',
103 silly addNameRange     '1.2.1',
103 silly addNameRange     '2.0.0',
103 silly addNameRange     '2.0.1',
103 silly addNameRange     '2.0.2',
103 silly addNameRange     '2.0.3',
103 silly addNameRange     '2.0.4',
103 silly addNameRange     '2.0.5',
103 silly addNameRange     '2.1.0',
103 silly addNameRange     '2.1.1',
103 silly addNameRange     '2.2.0',
103 silly addNameRange     '3.0.0',
103 silly addNameRange     '3.1.0',
103 silly addNameRange     '3.2.0',
103 silly addNameRange     '3.3.0',
103 silly addNameRange     '3.4.0',
103 silly addNameRange     '3.4.1',
103 silly addNameRange     '3.5.0',
103 silly addNameRange     '3.5.1' ] ]
104 silly addNamed agentkeepalive@3.5.1
105 verbose addNamed "3.5.1" is a plain semver version for agentkeepalive
106 silly resolveWithNewModule chalk@1.1.3 checking installable status
107 silly cache add args [ 'chalk@^1.0.0', null ]
108 verbose cache add spec chalk@^1.0.0
109 silly cache add parsed spec Result {
109 silly cache add   raw: 'chalk@^1.0.0',
109 silly cache add   scope: null,
109 silly cache add   name: 'chalk',
109 silly cache add   rawSpec: '^1.0.0',
109 silly cache add   spec: '>=1.0.0 <2.0.0',
109 silly cache add   type: 'range' }
110 silly addNamed chalk@>=1.0.0 <2.0.0
111 verbose addNamed ">=1.0.0 <2.0.0" is a valid semver range for chalk
112 silly addNameRange { name: 'chalk', range: '>=1.0.0 <2.0.0', hasData: false }
113 silly mapToRegistry name chalk
114 silly mapToRegistry using default registry
115 silly mapToRegistry registry https://registry.npmjs.org/
116 silly mapToRegistry uri https://registry.npmjs.org/chalk
117 verbose addNameRange registry:https://registry.npmjs.org/chalk not in flight; fetching
118 silly cache afterAdd agentkeepalive@3.5.1
119 verbose afterAdd /home/gman/.npm/agentkeepalive/3.5.1/package/package.json not in flight; writing
120 verbose get https://registry.npmjs.org/chalk not expired, no request
121 silly addNameRange number 2 { name: 'chalk', range: '>=1.0.0 <2.0.0', hasData: true }
122 silly addNameRange versions [ 'chalk',
122 silly addNameRange   [ '0.1.0',
122 silly addNameRange     '0.1.1',
122 silly addNameRange     '0.2.0',
122 silly addNameRange     '0.2.1',
122 silly addNameRange     '0.3.0',
122 silly addNameRange     '0.4.0',
122 silly addNameRange     '0.5.0',
122 silly addNameRange     '0.5.1',
122 silly addNameRange     '1.0.0',
122 silly addNameRange     '1.1.0',
122 silly addNameRange     '1.1.1',
122 silly addNameRange     '1.1.2',
122 silly addNameRange     '1.1.3',
122 silly addNameRange     '2.0.0',
122 silly addNameRange     '2.0.1',
122 silly addNameRange     '2.1.0',
122 silly addNameRange     '2.2.0',
122 silly addNameRange     '2.2.2',
122 silly addNameRange     '2.3.0',
122 silly addNameRange     '2.3.1',
122 silly addNameRange     '2.3.2',
122 silly addNameRange     '2.4.0',
122 silly addNameRange     '2.4.1' ] ]
123 silly addNamed chalk@1.1.3
124 verbose addNamed "1.1.3" is a plain semver version for chalk
125 silly cache afterAdd chalk@1.1.3
126 verbose afterAdd /home/gman/.npm/chalk/1.1.3/package/package.json not in flight; writing
127 verbose afterAdd /home/gman/.npm/agentkeepalive/3.5.1/package/package.json written
128 verbose afterAdd /home/gman/.npm/chalk/1.1.3/package/package.json written
129 silly fetchNamedPackageData humanize-ms
130 silly mapToRegistry name humanize-ms
131 silly mapToRegistry using default registry
132 silly mapToRegistry registry https://registry.npmjs.org/
133 silly mapToRegistry uri https://registry.npmjs.org/humanize-ms
134 verbose request uri https://registry.npmjs.org/humanize-ms
135 verbose request no auth needed
136 info attempt registry request try #1 at 3:40:05 PM
137 verbose etag W/"9816800d35200407f6cd251c4eff206a"
138 verbose lastModified Sat, 26 May 2018 12:05:25 GMT
139 http request GET https://registry.npmjs.org/humanize-ms
140 http 304 https://registry.npmjs.org/humanize-ms
141 verbose headers { date: 'Wed, 01 Aug 2018 22:40:05 GMT',
141 verbose headers   connection: 'keep-alive',
141 verbose headers   'set-cookie': [ '__cfduid=debc023439985fcdc3e261d02803eb6931533163205; expires=Thu, 01-Aug-19 22:40:05 GMT; path=/; domain=.registry.npmjs.org; HttpOnly' ],
141 verbose headers   'cache-control': 'max-age=300',
141 verbose headers   'cf-cache-status': 'HIT',
141 verbose headers   'cf-ray': '443bcdf49b9998ad-LAX',
141 verbose headers   etag: '"9816800d35200407f6cd251c4eff206a"',
141 verbose headers   'expect-ct': 'max-age=604800, report-uri="https://report-uri.cloudflare.com/cdn-cgi/beacon/expect-ct"',
141 verbose headers   'last-modified': 'Sat, 26 May 2018 12:05:25 GMT',
141 verbose headers   vary: 'accept-encoding, accept',
141 verbose headers   server: 'cloudflare' }
142 silly get cb [ 304,
142 silly get   { date: 'Wed, 01 Aug 2018 22:40:05 GMT',
142 silly get     connection: 'keep-alive',
142 silly get     'set-cookie': [ '__cfduid=debc023439985fcdc3e261d02803eb6931533163205; expires=Thu, 01-Aug-19 22:40:05 GMT; path=/; domain=.registry.npmjs.org; HttpOnly' ],
142 silly get     'cache-control': 'max-age=300',
142 silly get     'cf-cache-status': 'HIT',
142 silly get     'cf-ray': '443bcdf49b9998ad-LAX',
142 silly get     etag: '"9816800d35200407f6cd251c4eff206a"',
142 silly get     'expect-ct': 'max-age=604800, report-uri="https://report-uri.cloudflare.com/cdn-cgi/beacon/expect-ct"',
142 silly get     'last-modified': 'Sat, 26 May 2018 12:05:25 GMT',
142 silly get     vary: 'accept-encoding, accept',
142 silly get     server: 'cloudflare' } ]
143 verbose etag https://registry.npmjs.org/humanize-ms from cache
144 verbose get saving humanize-ms to /home/gman/.npm/registry.npmjs.org/humanize-ms/.cache.json
145 silly resolveWithNewModule humanize-ms@1.2.1 checking installable status
146 silly cache add args [ 'humanize-ms@^1.2.1', null ]
147 verbose cache add spec humanize-ms@^1.2.1
148 silly cache add parsed spec Result {
148 silly cache add   raw: 'humanize-ms@^1.2.1',
148 silly cache add   scope: null,
148 silly cache add   name: 'humanize-ms',
148 silly cache add   rawSpec: '^1.2.1',
148 silly cache add   spec: '>=1.2.1 <2.0.0',
148 silly cache add   type: 'range' }
149 silly addNamed humanize-ms@>=1.2.1 <2.0.0
150 verbose addNamed ">=1.2.1 <2.0.0" is a valid semver range for humanize-ms
151 silly addNameRange { name: 'humanize-ms', range: '>=1.2.1 <2.0.0', hasData: false }
152 silly mapToRegistry name humanize-ms
153 silly mapToRegistry using default registry
154 silly mapToRegistry registry https://registry.npmjs.org/
155 silly mapToRegistry uri https://registry.npmjs.org/humanize-ms
156 verbose addNameRange registry:https://registry.npmjs.org/humanize-ms not in flight; fetching
157 verbose get https://registry.npmjs.org/humanize-ms not expired, no request
158 silly addNameRange number 2 { name: 'humanize-ms', range: '>=1.2.1 <2.0.0', hasData: true }
159 silly addNameRange versions [ 'humanize-ms',
159 silly addNameRange   [ '1.0.0', '1.0.1', '1.0.2', '1.2.0', '1.2.1' ] ]
160 silly addNamed humanize-ms@1.2.1
161 verbose addNamed "1.2.1" is a plain semver version for humanize-ms
162 silly cache afterAdd humanize-ms@1.2.1
163 verbose afterAdd /home/gman/.npm/humanize-ms/1.2.1/package/package.json not in flight; writing
164 verbose afterAdd /home/gman/.npm/humanize-ms/1.2.1/package/package.json written
165 silly fetchNamedPackageData ansi-styles
166 silly mapToRegistry name ansi-styles
167 silly mapToRegistry using default registry
168 silly mapToRegistry registry https://registry.npmjs.org/
169 silly mapToRegistry uri https://registry.npmjs.org/ansi-styles
170 silly fetchNamedPackageData has-ansi
171 silly mapToRegistry name has-ansi
172 silly mapToRegistry using default registry
173 silly mapToRegistry registry https://registry.npmjs.org/
174 silly mapToRegistry uri https://registry.npmjs.org/has-ansi
175 silly fetchNamedPackageData strip-ansi
176 silly mapToRegistry name strip-ansi
177 silly mapToRegistry using default registry
178 silly mapToRegistry registry https://registry.npmjs.org/
179 silly mapToRegistry uri https://registry.npmjs.org/strip-ansi
180 verbose request uri https://registry.npmjs.org/ansi-styles
181 verbose request no auth needed
182 info attempt registry request try #1 at 3:40:05 PM
183 verbose etag W/"58a75a79d270a64258242f6a94ee96f0"
184 verbose lastModified Sat, 26 May 2018 00:28:35 GMT
185 http request GET https://registry.npmjs.org/ansi-styles
186 verbose request uri https://registry.npmjs.org/has-ansi
187 verbose request no auth needed
188 info attempt registry request try #1 at 3:40:05 PM
189 verbose etag W/"ef120904d83f43a76b79013214c4c872"
190 verbose lastModified Sun, 27 May 2018 03:34:13 GMT
191 http request GET https://registry.npmjs.org/has-ansi
192 verbose request uri https://registry.npmjs.org/strip-ansi
193 verbose request no auth needed
194 info attempt registry request try #1 at 3:40:05 PM
195 verbose etag W/"9b61f21a8a63120ec3119e762be94e5f"
196 verbose lastModified Sun, 27 May 2018 18:26:00 GMT
197 http request GET https://registry.npmjs.org/strip-ansi
198 http 304 https://registry.npmjs.org/ansi-styles
199 verbose headers { date: 'Wed, 01 Aug 2018 22:40:06 GMT',
199 verbose headers   connection: 'keep-alive',
199 verbose headers   'set-cookie': [ '__cfduid=ddc161d00e9ce93c62d42ec4bf8ed3a341533163206; expires=Thu, 01-Aug-19 22:40:06 GMT; path=/; domain=.registry.npmjs.org; HttpOnly' ],
199 verbose headers   'cache-control': 'max-age=300',
199 verbose headers   'cf-cache-status': 'HIT',
199 verbose headers   'cf-ray': '443bcdf59d75987d-LAX',
199 verbose headers   etag: '"58a75a79d270a64258242f6a94ee96f0"',
199 verbose headers   'expect-ct': 'max-age=604800, report-uri="https://report-uri.cloudflare.com/cdn-cgi/beacon/expect-ct"',
199 verbose headers   'last-modified': 'Sat, 26 May 2018 00:28:35 GMT',
199 verbose headers   vary: 'accept-encoding, accept',
199 verbose headers   server: 'cloudflare' }
200 silly get cb [ 304,
200 silly get   { date: 'Wed, 01 Aug 2018 22:40:06 GMT',
200 silly get     connection: 'keep-alive',
200 silly get     'set-cookie': [ '__cfduid=ddc161d00e9ce93c62d42ec4bf8ed3a341533163206; expires=Thu, 01-Aug-19 22:40:06 GMT; path=/; domain=.registry.npmjs.org; HttpOnly' ],
200 silly get     'cache-control': 'max-age=300',
200 silly get     'cf-cache-status': 'HIT',
200 silly get     'cf-ray': '443bcdf59d75987d-LAX',
200 silly get     etag: '"58a75a79d270a64258242f6a94ee96f0"',
200 silly get     'expect-ct': 'max-age=604800, report-uri="https://report-uri.cloudflare.com/cdn-cgi/beacon/expect-ct"',
200 silly get     'last-modified': 'Sat, 26 May 2018 00:28:35 GMT',
200 silly get     vary: 'accept-encoding, accept',
200 silly get     server: 'cloudflare' } ]
201 verbose etag https://registry.npmjs.org/ansi-styles from cache
202 verbose get saving ansi-styles to /home/gman/.npm/registry.npmjs.org/ansi-styles/.cache.json
203 http 304 https://registry.npmjs.org/strip-ansi
204 verbose headers { date: 'Wed, 01 Aug 2018 22:40:06 GMT',
204 verbose headers   connection: 'keep-alive',
204 verbose headers   'set-cookie': [ '__cfduid=ddc161d00e9ce93c62d42ec4bf8ed3a341533163206; expires=Thu, 01-Aug-19 22:40:06 GMT; path=/; domain=.registry.npmjs.org; HttpOnly' ],
204 verbose headers   'cache-control': 'max-age=300',
204 verbose headers   'cf-cache-status': 'HIT',
204 verbose headers   'cf-ray': '443bcdf5ada5987d-LAX',
204 verbose headers   etag: '"9b61f21a8a63120ec3119e762be94e5f"',
204 verbose headers   'expect-ct': 'max-age=604800, report-uri="https://report-uri.cloudflare.com/cdn-cgi/beacon/expect-ct"',
204 verbose headers   'last-modified': 'Sun, 27 May 2018 18:26:00 GMT',
204 verbose headers   vary: 'accept-encoding, accept',
204 verbose headers   server: 'cloudflare' }
205 silly get cb [ 304,
205 silly get   { date: 'Wed, 01 Aug 2018 22:40:06 GMT',
205 silly get     connection: 'keep-alive',
205 silly get     'set-cookie': [ '__cfduid=ddc161d00e9ce93c62d42ec4bf8ed3a341533163206; expires=Thu, 01-Aug-19 22:40:06 GMT; path=/; domain=.registry.npmjs.org; HttpOnly' ],
205 silly get     'cache-control': 'max-age=300',
205 silly get     'cf-cache-status': 'HIT',
205 silly get     'cf-ray': '443bcdf5ada5987d-LAX',
205 silly get     etag: '"9b61f21a8a63120ec3119e762be94e5f"',
205 silly get     'expect-ct': 'max-age=604800, report-uri="https://report-uri.cloudflare.com/cdn-cgi/beacon/expect-ct"',
205 silly get     'last-modified': 'Sun, 27 May 2018 18:26:00 GMT',
205 silly get     vary: 'accept-encoding, accept',
205 silly get     server: 'cloudflare' } ]
206 verbose etag https://registry.npmjs.org/strip-ansi from cache
207 verbose get saving strip-ansi to /home/gman/.npm/registry.npmjs.org/strip-ansi/.cache.json
208 silly resolveWithNewModule ansi-styles@2.2.1 checking installable status
209 silly cache add args [ 'ansi-styles@^2.2.1', null ]
210 verbose cache add spec ansi-styles@^2.2.1
211 silly cache add parsed spec Result {
211 silly cache add   raw: 'ansi-styles@^2.2.1',
211 silly cache add   scope: null,
211 silly cache add   name: 'ansi-styles',
211 silly cache add   rawSpec: '^2.2.1',
211 silly cache add   spec: '>=2.2.1 <3.0.0',
211 silly cache add   type: 'range' }
212 silly addNamed ansi-styles@>=2.2.1 <3.0.0
213 verbose addNamed ">=2.2.1 <3.0.0" is a valid semver range for ansi-styles
214 silly addNameRange { name: 'ansi-styles', range: '>=2.2.1 <3.0.0', hasData: false }
215 silly mapToRegistry name ansi-styles
216 silly mapToRegistry using default registry
217 silly mapToRegistry registry https://registry.npmjs.org/
218 silly mapToRegistry uri https://registry.npmjs.org/ansi-styles
219 verbose addNameRange registry:https://registry.npmjs.org/ansi-styles not in flight; fetching
220 http 304 https://registry.npmjs.org/has-ansi
221 verbose headers { date: 'Wed, 01 Aug 2018 22:40:06 GMT',
221 verbose headers   connection: 'keep-alive',
221 verbose headers   'set-cookie': [ '__cfduid=ddc161d00e9ce93c62d42ec4bf8ed3a341533163206; expires=Thu, 01-Aug-19 22:40:06 GMT; path=/; domain=.registry.npmjs.org; HttpOnly' ],
221 verbose headers   'cache-control': 'max-age=300',
221 verbose headers   'cf-cache-status': 'HIT',
221 verbose headers   'cf-ray': '443bcdf5ada7987d-LAX',
221 verbose headers   etag: '"ef120904d83f43a76b79013214c4c872"',
221 verbose headers   'expect-ct': 'max-age=604800, report-uri="https://report-uri.cloudflare.com/cdn-cgi/beacon/expect-ct"',
221 verbose headers   'last-modified': 'Sun, 27 May 2018 03:34:13 GMT',
221 verbose headers   vary: 'accept-encoding, accept',
221 verbose headers   server: 'cloudflare' }
222 silly get cb [ 304,
222 silly get   { date: 'Wed, 01 Aug 2018 22:40:06 GMT',
222 silly get     connection: 'keep-alive',
222 silly get     'set-cookie': [ '__cfduid=ddc161d00e9ce93c62d42ec4bf8ed3a341533163206; expires=Thu, 01-Aug-19 22:40:06 GMT; path=/; domain=.registry.npmjs.org; HttpOnly' ],
222 silly get     'cache-control': 'max-age=300',
222 silly get     'cf-cache-status': 'HIT',
222 silly get     'cf-ray': '443bcdf5ada7987d-LAX',
222 silly get     etag: '"ef120904d83f43a76b79013214c4c872"',
222 silly get     'expect-ct': 'max-age=604800, report-uri="https://report-uri.cloudflare.com/cdn-cgi/beacon/expect-ct"',
222 silly get     'last-modified': 'Sun, 27 May 2018 03:34:13 GMT',
222 silly get     vary: 'accept-encoding, accept',
222 silly get     server: 'cloudflare' } ]
223 verbose etag https://registry.npmjs.org/has-ansi from cache
224 verbose get saving has-ansi to /home/gman/.npm/registry.npmjs.org/has-ansi/.cache.json
225 silly resolveWithNewModule strip-ansi@3.0.1 checking installable status
226 silly cache add args [ 'strip-ansi@^3.0.0', null ]
227 verbose cache add spec strip-ansi@^3.0.0
228 silly cache add parsed spec Result {
228 silly cache add   raw: 'strip-ansi@^3.0.0',
228 silly cache add   scope: null,
228 silly cache add   name: 'strip-ansi',
228 silly cache add   rawSpec: '^3.0.0',
228 silly cache add   spec: '>=3.0.0 <4.0.0',
228 silly cache add   type: 'range' }
229 silly addNamed strip-ansi@>=3.0.0 <4.0.0
230 verbose addNamed ">=3.0.0 <4.0.0" is a valid semver range for strip-ansi
231 silly addNameRange { name: 'strip-ansi', range: '>=3.0.0 <4.0.0', hasData: false }
232 silly mapToRegistry name strip-ansi
233 silly mapToRegistry using default registry
234 silly mapToRegistry registry https://registry.npmjs.org/
235 silly mapToRegistry uri https://registry.npmjs.org/strip-ansi
236 verbose addNameRange registry:https://registry.npmjs.org/strip-ansi not in flight; fetching
237 verbose get https://registry.npmjs.org/ansi-styles not expired, no request
238 silly addNameRange number 2 { name: 'ansi-styles', range: '>=2.2.1 <3.0.0', hasData: true }
239 silly addNameRange versions [ 'ansi-styles',
239 silly addNameRange   [ '0.1.0',
239 silly addNameRange     '0.1.1',
239 silly addNameRange     '0.1.2',
239 silly addNameRange     '0.2.0',
239 silly addNameRange     '1.0.0',
239 silly addNameRange     '1.1.0',
239 silly addNameRange     '2.0.0',
239 silly addNameRange     '2.0.1',
239 silly addNameRange     '2.1.0',
239 silly addNameRange     '2.2.1',
239 silly addNameRange     '3.0.0',
239 silly addNameRange     '3.1.0',
239 silly addNameRange     '3.2.0',
239 silly addNameRange     '3.2.1' ] ]
240 silly addNamed ansi-styles@2.2.1
241 verbose addNamed "2.2.1" is a plain semver version for ansi-styles
242 verbose get https://registry.npmjs.org/strip-ansi not expired, no request
243 silly addNameRange number 2 { name: 'strip-ansi', range: '>=3.0.0 <4.0.0', hasData: true }
244 silly addNameRange versions [ 'strip-ansi',
244 silly addNameRange   [ '0.1.0',
244 silly addNameRange     '0.1.1',
244 silly addNameRange     '0.2.0',
244 silly addNameRange     '0.2.1',
244 silly addNameRange     '0.2.2',
244 silly addNameRange     '0.3.0',
244 silly addNameRange     '1.0.0',
244 silly addNameRange     '2.0.0',
244 silly addNameRange     '2.0.1',
244 silly addNameRange     '3.0.0',
244 silly addNameRange     '3.0.1',
244 silly addNameRange     '4.0.0' ] ]
245 silly addNamed strip-ansi@3.0.1
246 verbose addNamed "3.0.1" is a plain semver version for strip-ansi
247 silly cache afterAdd ansi-styles@2.2.1
248 verbose afterAdd /home/gman/.npm/ansi-styles/2.2.1/package/package.json not in flight; writing
249 silly cache afterAdd strip-ansi@3.0.1
250 verbose afterAdd /home/gman/.npm/strip-ansi/3.0.1/package/package.json not in flight; writing
251 silly resolveWithNewModule has-ansi@2.0.0 checking installable status
252 silly cache add args [ 'has-ansi@^2.0.0', null ]
253 verbose cache add spec has-ansi@^2.0.0
254 silly cache add parsed spec Result {
254 silly cache add   raw: 'has-ansi@^2.0.0',
254 silly cache add   scope: null,
254 silly cache add   name: 'has-ansi',
254 silly cache add   rawSpec: '^2.0.0',
254 silly cache add   spec: '>=2.0.0 <3.0.0',
254 silly cache add   type: 'range' }
255 silly addNamed has-ansi@>=2.0.0 <3.0.0
256 verbose addNamed ">=2.0.0 <3.0.0" is a valid semver range for has-ansi
257 silly addNameRange { name: 'has-ansi', range: '>=2.0.0 <3.0.0', hasData: false }
258 silly mapToRegistry name has-ansi
259 silly mapToRegistry using default registry
260 silly mapToRegistry registry https://registry.npmjs.org/
261 silly mapToRegistry uri https://registry.npmjs.org/has-ansi
262 verbose addNameRange registry:https://registry.npmjs.org/has-ansi not in flight; fetching
263 verbose afterAdd /home/gman/.npm/ansi-styles/2.2.1/package/package.json written
264 verbose get https://registry.npmjs.org/has-ansi not expired, no request
265 silly addNameRange number 2 { name: 'has-ansi', range: '>=2.0.0 <3.0.0', hasData: true }
266 silly addNameRange versions [ 'has-ansi',
266 silly addNameRange   [ '0.1.0', '1.0.0', '1.0.1', '1.0.2', '1.0.3', '2.0.0', '3.0.0' ] ]
267 silly addNamed has-ansi@2.0.0
268 verbose addNamed "2.0.0" is a plain semver version for has-ansi
269 verbose afterAdd /home/gman/.npm/strip-ansi/3.0.1/package/package.json written
270 silly cache afterAdd has-ansi@2.0.0
271 verbose afterAdd /home/gman/.npm/has-ansi/2.0.0/package/package.json not in flight; writing
272 verbose afterAdd /home/gman/.npm/has-ansi/2.0.0/package/package.json written
273 silly fetchNamedPackageData ansi-regex
274 silly mapToRegistry name ansi-regex
275 silly mapToRegistry using default registry
276 silly mapToRegistry registry https://registry.npmjs.org/
277 silly mapToRegistry uri https://registry.npmjs.org/ansi-regex
278 verbose request uri https://registry.npmjs.org/ansi-regex
279 verbose request no auth needed
280 info attempt registry request try #1 at 3:40:06 PM
281 verbose etag W/"e12fff8bc4d880f367e56655cc9ef735"
282 verbose lastModified Sat, 26 May 2018 00:28:34 GMT
283 http request GET https://registry.npmjs.org/ansi-regex
284 http 304 https://registry.npmjs.org/ansi-regex
285 verbose headers { date: 'Wed, 01 Aug 2018 22:40:06 GMT',
285 verbose headers   connection: 'keep-alive',
285 verbose headers   'set-cookie': [ '__cfduid=dba45befcd021057077513a7caa13852b1533163206; expires=Thu, 01-Aug-19 22:40:06 GMT; path=/; domain=.registry.npmjs.org; HttpOnly' ],
285 verbose headers   'cache-control': 'max-age=300',
285 verbose headers   'cf-cache-status': 'HIT',
285 verbose headers   'cf-ray': '443bcdf6a89a9883-LAX',
285 verbose headers   etag: '"e12fff8bc4d880f367e56655cc9ef735"',
285 verbose headers   'expect-ct': 'max-age=604800, report-uri="https://report-uri.cloudflare.com/cdn-cgi/beacon/expect-ct"',
285 verbose headers   'last-modified': 'Sat, 26 May 2018 00:28:34 GMT',
285 verbose headers   vary: 'accept-encoding, accept',
285 verbose headers   server: 'cloudflare' }
286 silly get cb [ 304,
286 silly get   { date: 'Wed, 01 Aug 2018 22:40:06 GMT',
286 silly get     connection: 'keep-alive',
286 silly get     'set-cookie': [ '__cfduid=dba45befcd021057077513a7caa13852b1533163206; expires=Thu, 01-Aug-19 22:40:06 GMT; path=/; domain=.registry.npmjs.org; HttpOnly' ],
286 silly get     'cache-control': 'max-age=300',
286 silly get     'cf-cache-status': 'HIT',
286 silly get     'cf-ray': '443bcdf6a89a9883-LAX',
286 silly get     etag: '"e12fff8bc4d880f367e56655cc9ef735"',
286 silly get     'expect-ct': 'max-age=604800, report-uri="https://report-uri.cloudflare.com/cdn-cgi/beacon/expect-ct"',
286 silly get     'last-modified': 'Sat, 26 May 2018 00:28:34 GMT',
286 silly get     vary: 'accept-encoding, accept',
286 silly get     server: 'cloudflare' } ]
287 verbose etag https://registry.npmjs.org/ansi-regex from cache
288 verbose get saving ansi-regex to /home/gman/.npm/registry.npmjs.org/ansi-regex/.cache.json
289 silly resolveWithNewModule ansi-regex@2.1.1 checking installable status
290 silly cache add args [ 'ansi-regex@^2.0.0', null ]
291 verbose cache add spec ansi-regex@^2.0.0
292 silly cache add parsed spec Result {
292 silly cache add   raw: 'ansi-regex@^2.0.0',
292 silly cache add   scope: null,
292 silly cache add   name: 'ansi-regex',
292 silly cache add   rawSpec: '^2.0.0',
292 silly cache add   spec: '>=2.0.0 <3.0.0',
292 silly cache add   type: 'range' }
293 silly addNamed ansi-regex@>=2.0.0 <3.0.0
294 verbose addNamed ">=2.0.0 <3.0.0" is a valid semver range for ansi-regex
295 silly addNameRange { name: 'ansi-regex', range: '>=2.0.0 <3.0.0', hasData: false }
296 silly mapToRegistry name ansi-regex
297 silly mapToRegistry using default registry
298 silly mapToRegistry registry https://registry.npmjs.org/
299 silly mapToRegistry uri https://registry.npmjs.org/ansi-regex
300 verbose addNameRange registry:https://registry.npmjs.org/ansi-regex not in flight; fetching
301 verbose get https://registry.npmjs.org/ansi-regex not expired, no request
302 silly addNameRange number 2 { name: 'ansi-regex', range: '>=2.0.0 <3.0.0', hasData: true }
303 silly addNameRange versions [ 'ansi-regex',
303 silly addNameRange   [ '0.1.0',
303 silly addNameRange     '0.2.0',
303 silly addNameRange     '0.2.1',
303 silly addNameRange     '1.0.0',
303 silly addNameRange     '1.1.0',
303 silly addNameRange     '1.1.1',
303 silly addNameRange     '2.0.0',
303 silly addNameRange     '2.1.1',
303 silly addNameRange     '3.0.0' ] ]
304 silly addNamed ansi-regex@2.1.1
305 verbose addNamed "2.1.1" is a plain semver version for ansi-regex
306 silly cache afterAdd ansi-regex@2.1.1
307 verbose afterAdd /home/gman/.npm/ansi-regex/2.1.1/package/package.json not in flight; writing
308 verbose afterAdd /home/gman/.npm/ansi-regex/2.1.1/package/package.json written
309 silly fetchNamedPackageData safe-buffer
310 silly mapToRegistry name safe-buffer
311 silly mapToRegistry using default registry
312 silly mapToRegistry registry https://registry.npmjs.org/
313 silly mapToRegistry uri https://registry.npmjs.org/safe-buffer
314 verbose request uri https://registry.npmjs.org/safe-buffer
315 verbose request no auth needed
316 info attempt registry request try #1 at 3:40:06 PM
317 verbose etag W/"20f1370b081b1887d7140d988761b13f"
318 verbose lastModified Sun, 27 May 2018 16:29:17 GMT
319 http request GET https://registry.npmjs.org/safe-buffer
320 http 304 https://registry.npmjs.org/safe-buffer
321 verbose headers { date: 'Wed, 01 Aug 2018 22:40:06 GMT',
321 verbose headers   connection: 'keep-alive',
321 verbose headers   'set-cookie': [ '__cfduid=d256e19659fd593018ee22673288917ff1533163206; expires=Thu, 01-Aug-19 22:40:06 GMT; path=/; domain=.registry.npmjs.org; HttpOnly' ],
321 verbose headers   'cache-control': 'max-age=300',
321 verbose headers   'cf-cache-status': 'HIT',
321 verbose headers   'cf-ray': '443bcdf7bcb29871-LAX',
321 verbose headers   etag: '"20f1370b081b1887d7140d988761b13f"',
321 verbose headers   'expect-ct': 'max-age=604800, report-uri="https://report-uri.cloudflare.com/cdn-cgi/beacon/expect-ct"',
321 verbose headers   'last-modified': 'Sun, 27 May 2018 16:29:17 GMT',
321 verbose headers   vary: 'accept-encoding, accept',
321 verbose headers   server: 'cloudflare' }
322 silly get cb [ 304,
322 silly get   { date: 'Wed, 01 Aug 2018 22:40:06 GMT',
322 silly get     connection: 'keep-alive',
322 silly get     'set-cookie': [ '__cfduid=d256e19659fd593018ee22673288917ff1533163206; expires=Thu, 01-Aug-19 22:40:06 GMT; path=/; domain=.registry.npmjs.org; HttpOnly' ],
322 silly get     'cache-control': 'max-age=300',
322 silly get     'cf-cache-status': 'HIT',
322 silly get     'cf-ray': '443bcdf7bcb29871-LAX',
322 silly get     etag: '"20f1370b081b1887d7140d988761b13f"',
322 silly get     'expect-ct': 'max-age=604800, report-uri="https://report-uri.cloudflare.com/cdn-cgi/beacon/expect-ct"',
322 silly get     'last-modified': 'Sun, 27 May 2018 16:29:17 GMT',
322 silly get     vary: 'accept-encoding, accept',
322 silly get     server: 'cloudflare' } ]
323 verbose etag https://registry.npmjs.org/safe-buffer from cache
324 verbose get saving safe-buffer to /home/gman/.npm/registry.npmjs.org/safe-buffer/.cache.json
325 silly resolveWithNewModule safe-buffer@5.1.1 checking installable status
326 silly cache add args [ 'safe-buffer@5.1.1', null ]
327 verbose cache add spec safe-buffer@5.1.1
328 silly cache add parsed spec Result {
328 silly cache add   raw: 'safe-buffer@5.1.1',
328 silly cache add   scope: null,
328 silly cache add   name: 'safe-buffer',
328 silly cache add   rawSpec: '5.1.1',
328 silly cache add   spec: '5.1.1',
328 silly cache add   type: 'version' }
329 silly addNamed safe-buffer@5.1.1
330 verbose addNamed "5.1.1" is a plain semver version for safe-buffer
331 silly mapToRegistry name safe-buffer
332 silly mapToRegistry using default registry
333 silly mapToRegistry registry https://registry.npmjs.org/
334 silly mapToRegistry uri https://registry.npmjs.org/safe-buffer
335 verbose addNameVersion registry:https://registry.npmjs.org/safe-buffer not in flight; fetching
336 verbose get https://registry.npmjs.org/safe-buffer not expired, no request
337 silly cache afterAdd safe-buffer@5.1.1
338 verbose afterAdd /home/gman/.npm/safe-buffer/5.1.1/package/package.json not in flight; writing
339 verbose afterAdd /home/gman/.npm/safe-buffer/5.1.1/package/package.json written
340 silly fetchNamedPackageData statuses
341 silly mapToRegistry name statuses
342 silly mapToRegistry using default registry
343 silly mapToRegistry registry https://registry.npmjs.org/
344 silly mapToRegistry uri https://registry.npmjs.org/statuses
345 verbose request uri https://registry.npmjs.org/statuses
346 verbose request no auth needed
347 info attempt registry request try #1 at 3:40:06 PM
348 verbose etag W/"63bd661bf9a9201656ac6315e90f01bd"
349 verbose lastModified Sun, 27 May 2018 18:14:13 GMT
350 http request GET https://registry.npmjs.org/statuses
351 http 304 https://registry.npmjs.org/statuses
352 verbose headers { date: 'Wed, 01 Aug 2018 22:40:06 GMT',
352 verbose headers   connection: 'keep-alive',
352 verbose headers   'set-cookie': [ '__cfduid=d844bdc302249e8d3f1ac54c32f1183ed1533163206; expires=Thu, 01-Aug-19 22:40:06 GMT; path=/; domain=.registry.npmjs.org; HttpOnly' ],
352 verbose headers   'cache-control': 'max-age=300',
352 verbose headers   'cf-cache-status': 'HIT',
352 verbose headers   'cf-ray': '443bcdf8db1c989b-LAX',
352 verbose headers   etag: '"63bd661bf9a9201656ac6315e90f01bd"',
352 verbose headers   'expect-ct': 'max-age=604800, report-uri="https://report-uri.cloudflare.com/cdn-cgi/beacon/expect-ct"',
352 verbose headers   'last-modified': 'Sun, 27 May 2018 18:14:13 GMT',
352 verbose headers   vary: 'accept-encoding, accept',
352 verbose headers   server: 'cloudflare' }
353 silly get cb [ 304,
353 silly get   { date: 'Wed, 01 Aug 2018 22:40:06 GMT',
353 silly get     connection: 'keep-alive',
353 silly get     'set-cookie': [ '__cfduid=d844bdc302249e8d3f1ac54c32f1183ed1533163206; expires=Thu, 01-Aug-19 22:40:06 GMT; path=/; domain=.registry.npmjs.org; HttpOnly' ],
353 silly get     'cache-control': 'max-age=300',
353 silly get     'cf-cache-status': 'HIT',
353 silly get     'cf-ray': '443bcdf8db1c989b-LAX',
353 silly get     etag: '"63bd661bf9a9201656ac6315e90f01bd"',
353 silly get     'expect-ct': 'max-age=604800, report-uri="https://report-uri.cloudflare.com/cdn-cgi/beacon/expect-ct"',
353 silly get     'last-modified': 'Sun, 27 May 2018 18:14:13 GMT',
353 silly get     vary: 'accept-encoding, accept',
353 silly get     server: 'cloudflare' } ]
354 verbose etag https://registry.npmjs.org/statuses from cache
355 verbose get saving statuses to /home/gman/.npm/registry.npmjs.org/statuses/.cache.json
356 silly resolveWithNewModule statuses@1.5.0 checking installable status
357 silly cache add args [ 'statuses@>= 1.4.0 < 2', null ]
358 verbose cache add spec statuses@>= 1.4.0 < 2
359 silly cache add parsed spec Result {
359 silly cache add   raw: 'statuses@>= 1.4.0 < 2',
359 silly cache add   scope: null,
359 silly cache add   name: 'statuses',
359 silly cache add   rawSpec: '>= 1.4.0 < 2',
359 silly cache add   spec: '>=1.4.0 <2.0.0',
359 silly cache add   type: 'range' }
360 silly addNamed statuses@>=1.4.0 <2.0.0
361 verbose addNamed ">=1.4.0 <2.0.0" is a valid semver range for statuses
362 silly addNameRange { name: 'statuses', range: '>=1.4.0 <2.0.0', hasData: false }
363 silly mapToRegistry name statuses
364 silly mapToRegistry using default registry
365 silly mapToRegistry registry https://registry.npmjs.org/
366 silly mapToRegistry uri https://registry.npmjs.org/statuses
367 verbose addNameRange registry:https://registry.npmjs.org/statuses not in flight; fetching
368 verbose get https://registry.npmjs.org/statuses not expired, no request
369 silly addNameRange number 2 { name: 'statuses', range: '>=1.4.0 <2.0.0', hasData: true }
370 silly addNameRange versions [ 'statuses',
370 silly addNameRange   [ '1.0.1',
370 silly addNameRange     '1.0.2',
370 silly addNameRange     '1.0.3',
370 silly addNameRange     '1.0.4',
370 silly addNameRange     '1.1.0',
370 silly addNameRange     '1.1.1',
370 silly addNameRange     '1.2.0',
370 silly addNameRange     '1.2.1',
370 silly addNameRange     '1.3.0',
370 silly addNameRange     '1.3.1',
370 silly addNameRange     '1.4.0',
370 silly addNameRange     '1.5.0' ] ]
371 silly addNamed statuses@1.5.0
372 verbose addNamed "1.5.0" is a plain semver version for statuses
373 silly cache afterAdd statuses@1.5.0
374 verbose afterAdd /home/gman/.npm/statuses/1.5.0/package/package.json not in flight; writing
375 verbose afterAdd /home/gman/.npm/statuses/1.5.0/package/package.json written
376 silly fetchNamedPackageData statuses
377 silly mapToRegistry name statuses
378 silly mapToRegistry using default registry
379 silly mapToRegistry registry https://registry.npmjs.org/
380 silly mapToRegistry uri https://registry.npmjs.org/statuses
381 silly loadAllDepsIntoIdealTree Finishing
382 silly idealTree:prePrune myplace@1.0.0
382 silly idealTree:prePrune ├── abbrev
382 silly idealTree:prePrune ├── accepts@1.3.5
382 silly idealTree:prePrune ├── agentkeepalive@3.5.1
382 silly idealTree:prePrune ├── ansi-regex@2.1.1
382 silly idealTree:prePrune ├── ansi-styles@2.2.1
382 silly idealTree:prePrune ├── aproba
382 silly idealTree:prePrune ├── are-we-there-yet
382 silly idealTree:prePrune ├── array-flatten@1.1.1
382 silly idealTree:prePrune ├── balanced-match
382 silly idealTree:prePrune ├─┬ basic-auth@2.0.0
382 silly idealTree:prePrune │ └── safe-buffer@5.1.1
382 silly idealTree:prePrune ├── bcrypt-nodejs@0.0.3
382 silly idealTree:prePrune ├─┬ body-parser@1.18.3
382 silly idealTree:prePrune │ └── qs@6.5.2
382 silly idealTree:prePrune ├── brace-expansion
382 silly idealTree:prePrune ├── bson@1.0.9
382 silly idealTree:prePrune ├── builtin-modules@1.1.1
382 silly idealTree:prePrune ├── bytes@3.0.0
382 silly idealTree:prePrune ├── chalk@1.1.3
382 silly idealTree:prePrune ├── chownr
382 silly idealTree:prePrune ├── code-point-at
382 silly idealTree:prePrune ├── color-convert@1.9.2
382 silly idealTree:prePrune ├── color-name@1.1.1
382 silly idealTree:prePrune ├── commander@2.6.0
382 silly idealTree:prePrune ├── concat-map
382 silly idealTree:prePrune ├─┬ concurrently@3.6.0
382 silly idealTree:prePrune │ ├── ansi-styles@3.2.1
382 silly idealTree:prePrune │ ├─┬ chalk@2.4.1
382 silly idealTree:prePrune │ │ └── supports-color@5.4.0
382 silly idealTree:prePrune │ └─┬ supports-color@3.2.3
382 silly idealTree:prePrune │   └── has-flag@1.0.0
382 silly idealTree:prePrune ├── connect-ensure-login@0.1.1
382 silly idealTree:prePrune ├── connect-flash@0.1.1
382 silly idealTree:prePrune ├── console-control-strings
382 silly idealTree:prePrune ├── content-disposition@0.5.2
382 silly idealTree:prePrune ├── content-type@1.0.4
382 silly idealTree:prePrune ├── cookie-parser@1.4.3
382 silly idealTree:prePrune ├── cookie-signature@1.0.6
382 silly idealTree:prePrune ├── cookie@0.3.1
382 silly idealTree:prePrune ├── core-util-is
382 silly idealTree:prePrune ├── cors@2.8.4
382 silly idealTree:prePrune ├── crc@3.4.4
382 silly idealTree:prePrune ├── date-fns@1.29.0
382 silly idealTree:prePrune ├── debug@2.6.9
382 silly idealTree:prePrune ├── deep-extend
382 silly idealTree:prePrune ├── delegates
382 silly idealTree:prePrune ├── depd@1.1.2
382 silly idealTree:prePrune ├── destroy@1.0.4
382 silly idealTree:prePrune ├── detect-libc
382 silly idealTree:prePrune ├── ee-first@1.1.1
382 silly idealTree:prePrune ├── ejs@2.6.1
382 silly idealTree:prePrune ├── elasticsearch@15.1.1
382 silly idealTree:prePrune ├── encodeurl@1.0.2
382 silly idealTree:prePrune ├── error-ex@1.3.2
382 silly idealTree:prePrune ├── escape-html@1.0.3
382 silly idealTree:prePrune ├── escape-string-regexp@1.0.5
382 silly idealTree:prePrune ├── etag@1.8.1
382 silly idealTree:prePrune ├── express-session@1.15.6
382 silly idealTree:prePrune ├─┬ express@4.16.3
382 silly idealTree:prePrune │ ├── body-parser@1.18.2
382 silly idealTree:prePrune │ ├── iconv-lite@0.4.19
382 silly idealTree:prePrune │ └─┬ raw-body@2.3.2
382 silly idealTree:prePrune │   ├── depd@1.1.1
382 silly idealTree:prePrune │   ├─┬ http-errors@1.6.2
382 silly idealTree:prePrune │   │ └── statuses@1.5.0
382 silly idealTree:prePrune │   ├── setprototypeof@1.0.3
382 silly idealTree:prePrune │   └── statuses
382 silly idealTree:prePrune ├── finalhandler@1.1.1
382 silly idealTree:prePrune ├── forwarded@0.1.2
382 silly idealTree:prePrune ├── fresh@0.5.2
382 silly idealTree:prePrune ├── fs-minipass
382 silly idealTree:prePrune ├── fs.realpath
382 silly idealTree:prePrune ├── gauge
382 silly idealTree:prePrune ├── glob
382 silly idealTree:prePrune ├── graceful-fs@4.1.11
382 silly idealTree:prePrune ├── has-ansi@2.0.0
382 silly idealTree:prePrune ├── has-flag@3.0.0
382 silly idealTree:prePrune ├── has-unicode
382 silly idealTree:prePrune ├── hosted-git-info@2.7.1
382 silly idealTree:prePrune ├─┬ http-errors@1.6.3
382 silly idealTree:prePrune │ └── statuses@1.5.0
382 silly idealTree:prePrune ├── humanize-ms@1.2.1
382 silly idealTree:prePrune ├── iconv-lite@0.4.23
382 silly idealTree:prePrune ├── ignore-walk
382 silly idealTree:prePrune ├── inflight
382 silly idealTree:prePrune ├── inherits@2.0.3
382 silly idealTree:prePrune ├── ini
382 silly idealTree:prePrune ├── ipaddr.js@1.6.0
382 silly idealTree:prePrune ├── is-arrayish@0.2.1
382 silly idealTree:prePrune ├── is-builtin-module@1.0.0
382 silly idealTree:prePrune ├── is-fullwidth-code-point
382 silly idealTree:prePrune ├── isarray
382 silly idealTree:prePrune ├── js-tokens@4.0.0
382 silly idealTree:prePrune ├── json-parse-better-errors@1.0.2
382 silly idealTree:prePrune ├── load-json-file@4.0.0
382 silly idealTree:prePrune ├── lodash@4.17.10
382 silly idealTree:prePrune ├── logger@0.0.1
382 silly idealTree:prePrune ├── loose-envify@1.4.0
382 silly idealTree:prePrune ├── media-typer@0.3.0
382 silly idealTree:prePrune ├── merge-descriptors@1.0.1
382 silly idealTree:prePrune ├── methods@1.1.2
382 silly idealTree:prePrune ├── mime-db@1.35.0
382 silly idealTree:prePrune ├── mime-types@2.1.19
382 silly idealTree:prePrune ├── mime@1.4.1
382 silly idealTree:prePrune ├── minimatch
382 silly idealTree:prePrune ├── minimist
382 silly idealTree:prePrune ├── minipass
382 silly idealTree:prePrune ├── minizlib
382 silly idealTree:prePrune ├── mkdirp
382 silly idealTree:prePrune ├── mongodb-core@3.1.0
382 silly idealTree:prePrune ├── mongodb@3.1.1
382 silly idealTree:prePrune ├── morgan@1.9.0
382 silly idealTree:prePrune ├── ms@2.0.0
382 silly idealTree:prePrune ├── needle
382 silly idealTree:prePrune ├── negotiator@0.6.1
382 silly idealTree:prePrune ├── node-pre-gyp
382 silly idealTree:prePrune ├── nopt
382 silly idealTree:prePrune ├── normalize-package-data@2.4.0
382 silly idealTree:prePrune ├── npm-bundled
382 silly idealTree:prePrune ├── npm-packlist
382 silly idealTree:prePrune ├── npmlog
382 silly idealTree:prePrune ├── number-is-nan
382 silly idealTree:prePrune ├── object-assign@4.1.1
382 silly idealTree:prePrune ├── on-finished@2.3.0
382 silly idealTree:prePrune ├── on-headers@1.0.1
382 silly idealTree:prePrune ├── once
382 silly idealTree:prePrune ├── os-homedir
382 silly idealTree:prePrune ├── parse-json@4.0.0
382 silly idealTree:prePrune ├── parseurl@1.3.2
382 silly idealTree:prePrune ├── passport-local-register@1.0.4
382 silly idealTree:prePrune ├── passport-local@1.0.0
382 silly idealTree:prePrune ├── passport-strategy@1.0.0
382 silly idealTree:prePrune ├── passport@0.4.0
382 silly idealTree:prePrune ├── path-to-regexp@0.1.7
382 silly idealTree:prePrune ├── path-type@3.0.0
382 silly idealTree:prePrune ├── pause@0.0.1
382 silly idealTree:prePrune ├── pify@3.0.0
382 silly idealTree:prePrune ├── proxy-addr@2.0.3
382 silly idealTree:prePrune ├── qs@6.5.1
382 silly idealTree:prePrune ├── random-bytes@1.0.0
382 silly idealTree:prePrune ├── range-parser@1.2.0
382 silly idealTree:prePrune ├── raw-body@2.3.3
382 silly idealTree:prePrune ├── read-pkg@3.0.0
382 silly idealTree:prePrune ├── redux-persist@5.10.0
382 silly idealTree:prePrune ├── redux@4.0.0
382 silly idealTree:prePrune ├── require_optional@1.0.1
382 silly idealTree:prePrune ├── resolve-from@2.0.0
382 silly idealTree:prePrune ├── rx@2.3.24
382 silly idealTree:prePrune ├── safe-buffer@5.1.1
382 silly idealTree:prePrune ├── safer-buffer@2.1.2
382 silly idealTree:prePrune ├── saslprep@1.0.1
382 silly idealTree:prePrune ├── semver@5.5.0
382 silly idealTree:prePrune ├── send@0.16.2
382 silly idealTree:prePrune ├── serve-static@1.13.2
382 silly idealTree:prePrune ├── setprototypeof@1.1.0
382 silly idealTree:prePrune ├── spawn-command@0.0.2-1
382 silly idealTree:prePrune ├── spdx-correct@3.0.0
382 silly idealTree:prePrune ├── spdx-exceptions@2.1.0
382 silly idealTree:prePrune ├── spdx-expression-parse@3.0.0
382 silly idealTree:prePrune ├── spdx-license-ids@3.0.0
382 silly idealTree:prePrune ├── statuses@1.4.0
382 silly idealTree:prePrune ├── strip-ansi@3.0.1
382 silly idealTree:prePrune ├── strip-bom@3.0.0
382 silly idealTree:prePrune ├── supports-color@2.0.0
382 silly idealTree:prePrune ├── symbol-observable@1.2.0
382 silly idealTree:prePrune ├── tree-kill@1.2.0
382 silly idealTree:prePrune ├── type-is@1.6.16
382 silly idealTree:prePrune ├── uid-safe@2.1.5
382 silly idealTree:prePrune ├── unpipe@1.0.0
382 silly idealTree:prePrune ├── utils-merge@1.0.1
382 silly idealTree:prePrune ├── validate-npm-package-license@3.0.3
382 silly idealTree:prePrune ├── vary@1.1.2
382 silly idealTree:prePrune └── yarn@1.7.0
383 silly loadIdealTree Finishing
384 silly currentTree myplace@1.0.0
384 silly currentTree ├── abbrev
384 silly currentTree ├── accepts@1.3.5
384 silly currentTree ├── agentkeepalive@3.4.1
384 silly currentTree ├── ansi-regex@2.1.1
384 silly currentTree ├── ansi-styles@2.2.1
384 silly currentTree ├── aproba
384 silly currentTree ├── are-we-there-yet
384 silly currentTree ├── array-flatten@1.1.1
384 silly currentTree ├── balanced-match
384 silly currentTree ├─┬ basic-auth@2.0.0
384 silly currentTree │ └── safe-buffer
384 silly currentTree ├── bcrypt-nodejs@0.0.3
384 silly currentTree ├─┬ body-parser@1.18.3
384 silly currentTree │ └── qs@6.5.2
384 silly currentTree ├── brace-expansion
384 silly currentTree ├── bson@1.0.9
384 silly currentTree ├── builtin-modules@1.1.1
384 silly currentTree ├── bytes@3.0.0
384 silly currentTree ├─┬ chalk@1.1.3
384 silly currentTree │ └── supports-color
384 silly currentTree ├── chownr
384 silly currentTree ├── code-point-at
384 silly currentTree ├── color-convert@1.9.2
384 silly currentTree ├── color-name@1.1.1
384 silly currentTree ├── commander@2.6.0
384 silly currentTree ├── concat-map
384 silly currentTree ├─┬ concurrently@3.6.0
384 silly currentTree │ ├── ansi-styles@3.2.1
384 silly currentTree │ ├─┬ chalk@2.4.1
384 silly currentTree │ │ └── supports-color@5.4.0
384 silly currentTree │ └─┬ supports-color@3.2.3
384 silly currentTree │   └── has-flag@1.0.0
384 silly currentTree ├── connect-ensure-login@0.1.1
384 silly currentTree ├── connect-flash@0.1.1
384 silly currentTree ├── console-control-strings
384 silly currentTree ├── content-disposition@0.5.2
384 silly currentTree ├── content-type@1.0.4
384 silly currentTree ├── cookie-parser@1.4.3
384 silly currentTree ├── cookie-signature@1.0.6
384 silly currentTree ├── cookie@0.3.1
384 silly currentTree ├── core-util-is
384 silly currentTree ├── cors@2.8.4
384 silly currentTree ├── crc@3.4.4
384 silly currentTree ├── date-fns@1.29.0
384 silly currentTree ├── debug@2.6.9
384 silly currentTree ├── deep-extend
384 silly currentTree ├── delegates
384 silly currentTree ├── depd@1.1.2
384 silly currentTree ├── destroy@1.0.4
384 silly currentTree ├── detect-libc
384 silly currentTree ├── ee-first@1.1.1
384 silly currentTree ├── ejs@2.6.1
384 silly currentTree ├── elasticsearch@15.1.1
384 silly currentTree ├── encodeurl@1.0.2
384 silly currentTree ├── error-ex@1.3.2
384 silly currentTree ├── escape-html@1.0.3
384 silly currentTree ├── escape-string-regexp@1.0.5
384 silly currentTree ├── etag@1.8.1
384 silly currentTree ├── express-session@1.15.6
384 silly currentTree ├─┬ express@4.16.3
384 silly currentTree │ ├── body-parser@1.18.2
384 silly currentTree │ ├── iconv-lite@0.4.19
384 silly currentTree │ └─┬ raw-body@2.3.2
384 silly currentTree │   ├── depd@1.1.1
384 silly currentTree │   ├── http-errors@1.6.2
384 silly currentTree │   ├── setprototypeof@1.0.3
384 silly currentTree │   └── statuses
384 silly currentTree ├── finalhandler@1.1.1
384 silly currentTree ├── forwarded@0.1.2
384 silly currentTree ├── fresh@0.5.2
384 silly currentTree ├── fs-minipass
384 silly currentTree ├── fs.realpath
384 silly currentTree ├── gauge
384 silly currentTree ├── glob
384 silly currentTree ├── graceful-fs@4.1.11
384 silly currentTree ├── has-ansi@2.0.0
384 silly currentTree ├── has-flag@3.0.0
384 silly currentTree ├── has-unicode
384 silly currentTree ├── hosted-git-info@2.7.1
384 silly currentTree ├─┬ http-errors@1.6.3
384 silly currentTree │ └── statuses
384 silly currentTree ├─┬ humanize-ms@1.2.1
384 silly currentTree │ └── ms
384 silly currentTree ├── iconv-lite@0.4.23
384 silly currentTree ├── ignore-walk
384 silly currentTree ├── inflight
384 silly currentTree ├── inherits@2.0.3
384 silly currentTree ├── ini
384 silly currentTree ├── ipaddr.js@1.6.0
384 silly currentTree ├── is-arrayish@0.2.1
384 silly currentTree ├── is-builtin-module@1.0.0
384 silly currentTree ├── is-fullwidth-code-point
384 silly currentTree ├── isarray
384 silly currentTree ├── js-tokens@4.0.0
384 silly currentTree ├── json-parse-better-errors@1.0.2
384 silly currentTree ├── load-json-file@4.0.0
384 silly currentTree ├── lodash@4.17.10
384 silly currentTree ├── logger@0.0.1
384 silly currentTree ├── loose-envify@1.4.0
384 silly currentTree ├── media-typer@0.3.0
384 silly currentTree ├── merge-descriptors@1.0.1
384 silly currentTree ├── methods@1.1.2
384 silly currentTree ├── mime-db@1.35.0
384 silly currentTree ├── mime-types@2.1.19
384 silly currentTree ├── mime@1.4.1
384 silly currentTree ├── minimatch
384 silly currentTree ├── minimist
384 silly currentTree ├── minipass
384 silly currentTree ├── minizlib
384 silly currentTree ├── mkdirp
384 silly currentTree ├── mongodb-core@3.1.0
384 silly currentTree ├── mongodb@3.1.1
384 silly currentTree ├── morgan@1.9.0
384 silly currentTree ├── ms@2.0.0
384 silly currentTree ├── needle
384 silly currentTree ├── negotiator@0.6.1
384 silly currentTree ├── node-pre-gyp
384 silly currentTree ├── nopt
384 silly currentTree ├── normalize-package-data@2.4.0
384 silly currentTree ├── npm-bundled
384 silly currentTree ├── npm-packlist
384 silly currentTree ├── npmlog
384 silly currentTree ├── number-is-nan
384 silly currentTree ├── object-assign@4.1.1
384 silly currentTree ├── on-finished@2.3.0
384 silly currentTree ├── on-headers@1.0.1
384 silly currentTree ├── once
384 silly currentTree ├── os-homedir
384 silly currentTree ├── parse-json@4.0.0
384 silly currentTree ├── parseurl@1.3.2
384 silly currentTree ├── passport-local-register@1.0.4
384 silly currentTree ├── passport-local@1.0.0
384 silly currentTree ├── passport-strategy@1.0.0
384 silly currentTree ├── passport@0.4.0
384 silly currentTree ├── path-to-regexp@0.1.7
384 silly currentTree ├── path-type@3.0.0
384 silly currentTree ├── pause@0.0.1
384 silly currentTree ├── pify@3.0.0
384 silly currentTree ├── proxy-addr@2.0.3
384 silly currentTree ├── qs@6.5.1
384 silly currentTree ├── random-bytes@1.0.0
384 silly currentTree ├── range-parser@1.2.0
384 silly currentTree ├── raw-body@2.3.3
384 silly currentTree ├── read-pkg@3.0.0
384 silly currentTree ├── redux-persist@5.10.0
384 silly currentTree ├── redux@4.0.0
384 silly currentTree ├── require_optional@1.0.1
384 silly currentTree ├── resolve-from@2.0.0
384 silly currentTree ├── rx@2.3.24
384 silly currentTree ├── safe-buffer@5.1.1
384 silly currentTree ├── safer-buffer@2.1.2
384 silly currentTree ├── saslprep@1.0.1
384 silly currentTree ├── semver@5.5.0
384 silly currentTree ├── send@0.16.2
384 silly currentTree ├── serve-static@1.13.2
384 silly currentTree ├── setprototypeof@1.1.0
384 silly currentTree ├── spawn-command@0.0.2-1
384 silly currentTree ├── spdx-correct@3.0.0
384 silly currentTree ├── spdx-exceptions@2.1.0
384 silly currentTree ├── spdx-expression-parse@3.0.0
384 silly currentTree ├── spdx-license-ids@3.0.0
384 silly currentTree ├── statuses@1.4.0
384 silly currentTree ├── strip-ansi@3.0.1
384 silly currentTree ├── strip-bom@3.0.0
384 silly currentTree ├── supports-color@2.0.0
384 silly currentTree ├── symbol-observable@1.2.0
384 silly currentTree ├── tree-kill@1.2.0
384 silly currentTree ├── type-is@1.6.16
384 silly currentTree ├── uid-safe@2.1.5
384 silly currentTree ├── unpipe@1.0.0
384 silly currentTree ├── utils-merge@1.0.1
384 silly currentTree ├── validate-npm-package-license@3.0.3
384 silly currentTree ├── vary@1.1.2
384 silly currentTree └── yarn@1.7.0
385 silly idealTree myplace@1.0.0
385 silly idealTree ├── abbrev
385 silly idealTree ├── accepts@1.3.5
385 silly idealTree ├── agentkeepalive@3.5.1
385 silly idealTree ├── ansi-regex@2.1.1
385 silly idealTree ├── ansi-styles@2.2.1
385 silly idealTree ├── aproba
385 silly idealTree ├── are-we-there-yet
385 silly idealTree ├── array-flatten@1.1.1
385 silly idealTree ├── balanced-match
385 silly idealTree ├─┬ basic-auth@2.0.0
385 silly idealTree │ └── safe-buffer@5.1.1
385 silly idealTree ├── bcrypt-nodejs@0.0.3
385 silly idealTree ├─┬ body-parser@1.18.3
385 silly idealTree │ └── qs@6.5.2
385 silly idealTree ├── brace-expansion
385 silly idealTree ├── bson@1.0.9
385 silly idealTree ├── builtin-modules@1.1.1
385 silly idealTree ├── bytes@3.0.0
385 silly idealTree ├── chalk@1.1.3
385 silly idealTree ├── chownr
385 silly idealTree ├── code-point-at
385 silly idealTree ├── color-convert@1.9.2
385 silly idealTree ├── color-name@1.1.1
385 silly idealTree ├── commander@2.6.0
385 silly idealTree ├── concat-map
385 silly idealTree ├─┬ concurrently@3.6.0
385 silly idealTree │ ├── ansi-styles@3.2.1
385 silly idealTree │ ├─┬ chalk@2.4.1
385 silly idealTree │ │ └── supports-color@5.4.0
385 silly idealTree │ └─┬ supports-color@3.2.3
385 silly idealTree │   └── has-flag@1.0.0
385 silly idealTree ├── connect-ensure-login@0.1.1
385 silly idealTree ├── connect-flash@0.1.1
385 silly idealTree ├── console-control-strings
385 silly idealTree ├── content-disposition@0.5.2
385 silly idealTree ├── content-type@1.0.4
385 silly idealTree ├── cookie-parser@1.4.3
385 silly idealTree ├── cookie-signature@1.0.6
385 silly idealTree ├── cookie@0.3.1
385 silly idealTree ├── core-util-is
385 silly idealTree ├── cors@2.8.4
385 silly idealTree ├── crc@3.4.4
385 silly idealTree ├── date-fns@1.29.0
385 silly idealTree ├── debug@2.6.9
385 silly idealTree ├── deep-extend
385 silly idealTree ├── delegates
385 silly idealTree ├── depd@1.1.2
385 silly idealTree ├── destroy@1.0.4
385 silly idealTree ├── detect-libc
385 silly idealTree ├── ee-first@1.1.1
385 silly idealTree ├── ejs@2.6.1
385 silly idealTree ├── elasticsearch@15.1.1
385 silly idealTree ├── encodeurl@1.0.2
385 silly idealTree ├── error-ex@1.3.2
385 silly idealTree ├── escape-html@1.0.3
385 silly idealTree ├── escape-string-regexp@1.0.5
385 silly idealTree ├── etag@1.8.1
385 silly idealTree ├── express-session@1.15.6
385 silly idealTree ├─┬ express@4.16.3
385 silly idealTree │ ├── body-parser@1.18.2
385 silly idealTree │ ├── iconv-lite@0.4.19
385 silly idealTree │ └─┬ raw-body@2.3.2
385 silly idealTree │   ├── depd@1.1.1
385 silly idealTree │   ├─┬ http-errors@1.6.2
385 silly idealTree │   │ └── statuses@1.5.0
385 silly idealTree │   └── setprototypeof@1.0.3
385 silly idealTree ├── finalhandler@1.1.1
385 silly idealTree ├── forwarded@0.1.2
385 silly idealTree ├── fresh@0.5.2
385 silly idealTree ├── fs-minipass
385 silly idealTree ├── fs.realpath
385 silly idealTree ├── gauge
385 silly idealTree ├── glob
385 silly idealTree ├── graceful-fs@4.1.11
385 silly idealTree ├── has-ansi@2.0.0
385 silly idealTree ├── has-flag@3.0.0
385 silly idealTree ├── has-unicode
385 silly idealTree ├── hosted-git-info@2.7.1
385 silly idealTree ├─┬ http-errors@1.6.3
385 silly idealTree │ └── statuses@1.5.0
385 silly idealTree ├── humanize-ms@1.2.1
385 silly idealTree ├── iconv-lite@0.4.23
385 silly idealTree ├── ignore-walk
385 silly idealTree ├── inflight
385 silly idealTree ├── inherits@2.0.3
385 silly idealTree ├── ini
385 silly idealTree ├── ipaddr.js@1.6.0
385 silly idealTree ├── is-arrayish@0.2.1
385 silly idealTree ├── is-builtin-module@1.0.0
385 silly idealTree ├── is-fullwidth-code-point
385 silly idealTree ├── isarray
385 silly idealTree ├── js-tokens@4.0.0
385 silly idealTree ├── json-parse-better-errors@1.0.2
385 silly idealTree ├── load-json-file@4.0.0
385 silly idealTree ├── lodash@4.17.10
385 silly idealTree ├── logger@0.0.1
385 silly idealTree ├── loose-envify@1.4.0
385 silly idealTree ├── media-typer@0.3.0
385 silly idealTree ├── merge-descriptors@1.0.1
385 silly idealTree ├── methods@1.1.2
385 silly idealTree ├── mime-db@1.35.0
385 silly idealTree ├── mime-types@2.1.19
385 silly idealTree ├── mime@1.4.1
385 silly idealTree ├── minimatch
385 silly idealTree ├── minimist
385 silly idealTree ├── minipass
385 silly idealTree ├── minizlib
385 silly idealTree ├── mkdirp
385 silly idealTree ├── mongodb-core@3.1.0
385 silly idealTree ├── mongodb@3.1.1
385 silly idealTree ├── morgan@1.9.0
385 silly idealTree ├── ms@2.0.0
385 silly idealTree ├── needle
385 silly idealTree ├── negotiator@0.6.1
385 silly idealTree ├── node-pre-gyp
385 silly idealTree ├── nopt
385 silly idealTree ├── normalize-package-data@2.4.0
385 silly idealTree ├── npm-bundled
385 silly idealTree ├── npm-packlist
385 silly idealTree ├── npmlog
385 silly idealTree ├── number-is-nan
385 silly idealTree ├── object-assign@4.1.1
385 silly idealTree ├── on-finished@2.3.0
385 silly idealTree ├── on-headers@1.0.1
385 silly idealTree ├── once
385 silly idealTree ├── os-homedir
385 silly idealTree ├── parse-json@4.0.0
385 silly idealTree ├── parseurl@1.3.2
385 silly idealTree ├── passport-local-register@1.0.4
385 silly idealTree ├── passport-local@1.0.0
385 silly idealTree ├── passport-strategy@1.0.0
385 silly idealTree ├── passport@0.4.0
385 silly idealTree ├── path-to-regexp@0.1.7
385 silly idealTree ├── path-type@3.0.0
385 silly idealTree ├── pause@0.0.1
385 silly idealTree ├── pify@3.0.0
385 silly idealTree ├── proxy-addr@2.0.3
385 silly idealTree ├── qs@6.5.1
385 silly idealTree ├── random-bytes@1.0.0
385 silly idealTree ├── range-parser@1.2.0
385 silly idealTree ├── raw-body@2.3.3
385 silly idealTree ├── read-pkg@3.0.0
385 silly idealTree ├── redux-persist@5.10.0
385 silly idealTree ├── redux@4.0.0
385 silly idealTree ├── require_optional@1.0.1
385 silly idealTree ├── resolve-from@2.0.0
385 silly idealTree ├── rx@2.3.24
385 silly idealTree ├── safe-buffer@5.1.1
385 silly idealTree ├── safer-buffer@2.1.2
385 silly idealTree ├── saslprep@1.0.1
385 silly idealTree ├── semver@5.5.0
385 silly idealTree ├── send@0.16.2
385 silly idealTree ├── serve-static@1.13.2
385 silly idealTree ├── setprototypeof@1.1.0
385 silly idealTree ├── spawn-command@0.0.2-1
385 silly idealTree ├── spdx-correct@3.0.0
385 silly idealTree ├── spdx-exceptions@2.1.0
385 silly idealTree ├── spdx-expression-parse@3.0.0
385 silly idealTree ├── spdx-license-ids@3.0.0
385 silly idealTree ├── statuses@1.4.0
385 silly idealTree ├── strip-ansi@3.0.1
385 silly idealTree ├── strip-bom@3.0.0
385 silly idealTree ├── supports-color@2.0.0
385 silly idealTree ├── symbol-observable@1.2.0
385 silly idealTree ├── tree-kill@1.2.0
385 silly idealTree ├── type-is@1.6.16
385 silly idealTree ├── uid-safe@2.1.5
385 silly idealTree ├── unpipe@1.0.0
385 silly idealTree ├── utils-merge@1.0.1
385 silly idealTree ├── validate-npm-package-license@3.0.3
385 silly idealTree ├── vary@1.1.2
385 silly idealTree └── yarn@1.7.0
386 silly generateActionsToTake Starting
387 silly install generateActionsToTake
388 warn checkPermissions Missing write access to /home/gman/myplace/node_modules/agentkeepalive
389 warn checkPermissions Missing write access to /home/gman/myplace/node_modules/redux
390 warn checkPermissions Missing write access to /home/gman/myplace/node_modules/redux-persist
391 silly rollbackFailedOptional Starting
392 silly rollbackFailedOptional Finishing
393 silly runTopLevelLifecycles Starting
394 silly runTopLevelLifecycles Finishing
395 silly install printInstalled
396 warn enoent ENOENT: no such file or directory, open '/home/gman/myplace/node_modules/abbrev/package.json'
397 warn enoent ENOENT: no such file or directory, open '/home/gman/myplace/node_modules/aproba/package.json'
398 warn enoent ENOENT: no such file or directory, open '/home/gman/myplace/node_modules/are-we-there-yet/package.json'
399 warn enoent ENOENT: no such file or directory, open '/home/gman/myplace/node_modules/brace-expansion/package.json'
400 warn enoent ENOENT: no such file or directory, open '/home/gman/myplace/node_modules/balanced-match/package.json'
401 warn enoent ENOENT: no such file or directory, open '/home/gman/myplace/node_modules/chownr/package.json'
402 warn enoent ENOENT: no such file or directory, open '/home/gman/myplace/node_modules/code-point-at/package.json'
403 warn enoent ENOENT: no such file or directory, open '/home/gman/myplace/node_modules/concat-map/package.json'
404 warn enoent ENOENT: no such file or directory, open '/home/gman/myplace/node_modules/console-control-strings/package.json'
405 warn enoent ENOENT: no such file or directory, open '/home/gman/myplace/node_modules/core-util-is/package.json'
406 warn enoent ENOENT: no such file or directory, open '/home/gman/myplace/node_modules/deep-extend/package.json'
407 warn enoent ENOENT: no such file or directory, open '/home/gman/myplace/node_modules/delegates/package.json'
408 warn enoent ENOENT: no such file or directory, open '/home/gman/myplace/node_modules/detect-libc/package.json'
409 warn enoent ENOENT: no such file or directory, open '/home/gman/myplace/node_modules/fs-minipass/package.json'
410 warn enoent ENOENT: no such file or directory, open '/home/gman/myplace/node_modules/fs.realpath/package.json'
411 warn enoent ENOENT: no such file or directory, open '/home/gman/myplace/node_modules/gauge/package.json'
412 warn enoent ENOENT: no such file or directory, open '/home/gman/myplace/node_modules/glob/package.json'
413 warn enoent ENOENT: no such file or directory, open '/home/gman/myplace/node_modules/has-unicode/package.json'
414 warn enoent ENOENT: no such file or directory, open '/home/gman/myplace/node_modules/ignore-walk/package.json'
415 warn enoent ENOENT: no such file or directory, open '/home/gman/myplace/node_modules/inflight/package.json'
416 warn enoent ENOENT: no such file or directory, open '/home/gman/myplace/node_modules/ini/package.json'
417 warn enoent ENOENT: no such file or directory, open '/home/gman/myplace/node_modules/is-fullwidth-code-point/package.json'
418 warn enoent ENOENT: no such file or directory, open '/home/gman/myplace/node_modules/isarray/package.json'
419 warn enoent ENOENT: no such file or directory, open '/home/gman/myplace/node_modules/minimatch/package.json'
420 warn enoent ENOENT: no such file or directory, open '/home/gman/myplace/node_modules/minimist/package.json'
421 warn enoent ENOENT: no such file or directory, open '/home/gman/myplace/node_modules/minipass/package.json'
422 warn enoent ENOENT: no such file or directory, open '/home/gman/myplace/node_modules/minizlib/package.json'
423 warn enoent ENOENT: no such file or directory, open '/home/gman/myplace/node_modules/mkdirp/package.json'
424 warn enoent ENOENT: no such file or directory, open '/home/gman/myplace/node_modules/needle/package.json'
425 warn enoent ENOENT: no such file or directory, open '/home/gman/myplace/node_modules/node-pre-gyp/package.json'
426 warn enoent ENOENT: no such file or directory, open '/home/gman/myplace/node_modules/nopt/package.json'
427 warn enoent ENOENT: no such file or directory, open '/home/gman/myplace/node_modules/npm-bundled/package.json'
428 warn enoent ENOENT: no such file or directory, open '/home/gman/myplace/node_modules/npm-packlist/package.json'
429 warn enoent ENOENT: no such file or directory, open '/home/gman/myplace/node_modules/npmlog/package.json'
430 warn enoent ENOENT: no such file or directory, open '/home/gman/myplace/node_modules/number-is-nan/package.json'
431 warn enoent ENOENT: no such file or directory, open '/home/gman/myplace/node_modules/once/package.json'
432 warn enoent ENOENT: no such file or directory, open '/home/gman/myplace/node_modules/os-homedir/package.json'
433 warn myplace@1.0.0 No repository field.
434 verbose stack Error: EACCES: permission denied, access '/home/gman/myplace/node_modules/agentkeepalive'
434 verbose stack     at Error (native)
435 verbose cwd /home/gman/myplace
436 error Linux 4.4.0-100-generic
437 error argv "/usr/bin/nodejs" "/usr/bin/npm" "install" "--save" "elasticsearch"
438 error node v4.2.6
439 error npm  v3.5.2
440 error path /home/gman/myplace/node_modules/agentkeepalive
441 error code EACCES
442 error errno -13
443 error syscall access
444 error Error: EACCES: permission denied, access '/home/gman/myplace/node_modules/agentkeepalive'
444 error     at Error (native)
444 error  { [Error: EACCES: permission denied, access '/home/gman/myplace/node_modules/agentkeepalive']
444 error   errno: -13,
444 error   code: 'EACCES',
444 error   syscall: 'access',
444 error   path: '/home/gman/myplace/node_modules/agentkeepalive' }
445 error Please try running this command again as root/Administrator.
446 verbose exit [ -13, true ]
